<?xml version="1.0" encoding="UTF-8"?>
<testsuites name="Login" time="18.913" tests="1" failures="0" errors="0">
   <testsuite name="Login" tests="1" failures="0" errors="0" time="18.913" timestamp="2021-01-08 18:21:19" hostname="User - host.docker.internal" id="Test Suites/Login page/Login">
      <properties>
         <property name="deviceName" value=""/>
         <property name="devicePlatform" value=""/>
         <property name="logFolder" value="C:\\Users\\User\\git\\automated-e2e\\Reports\\20210108_182114\\Login page\\Login\\20210108_182115"/>
         <property name="logFiles" value="C:\\Users\\User\\git\\automated-e2e\\Reports\\20210108_182114\\Login page\\Login\\20210108_182115\\execution0.log"/>
         <property name="attachments" value=""/>
         <property name="hostName" value="User - host.docker.internal"/>
         <property name="os" value="Windows 10 64bit"/>
         <property name="katalonVersion" value="7.7.2.205"/>
         <property name="browser" value="Chrome 87.0.4280.88"/>
         <property name="hostAddress" value="192.168.1.106"/>
         <property name="sessionId" value="0aba0fc62ffbe4f3732bc5d19b47c94d"/>
         <property name="seleniumVersion" value="3.141.59"/>
         <property name="proxyInformation" value="ProxyInformation { proxyOption=NO_PROXY, proxyServerType=HTTP, username=, password=********, proxyServerAddress=, proxyServerPort=0, executionList=&quot;&quot;, isApplyToDesiredCapabilities=true }"/>
         <property name="platform" value="Windows 10"/>
      </properties>
      <testcase name="Test Cases/OMR-login/Login" time="18.023" classname="Test Cases/OMR-login/Login" status="PASSED">
         <system-out><![CDATA[2021-01-08 18:21:19 - [TEST_CASE][PASSED] - Test Cases/OMR-login/Login: Test Cases/OMR-login/Login

2021-01-08 18:21:19 - [TEST_STEP][PASSED] - openBrowser(""): Browser is opened with url: ''

2021-01-08 18:21:20 - [MESSAGE][INFO] - Starting 'Chrome' driver

2021-01-08 18:21:20 - [MESSAGE][INFO] - Action delay is set to 0 milliseconds

2021-01-08 18:21:23 - [MESSAGE][PASSED] - Browser is opened with url: ''

2021-01-08 18:21:23 - [TEST_STEP][PASSED] - navigateToUrl(url): Navigate to 'https://web-portal-app-development.herokuapp.com/' successfully

2021-01-08 18:21:28 - [MESSAGE][PASSED] - Navigate to 'https://web-portal-app-development.herokuapp.com/' successfully

2021-01-08 18:21:28 - [TEST_STEP][PASSED] - waitForElementPresent(findTestObject("Object Repository/Page_Sign In with Auth0/img_Protected with_auth0-lock-header-logo"), 0): Object 'Object Repository/Page_Sign In with Auth0/img_Protected with_auth0-lock-header-logo' is present

2021-01-08 18:21:28 - [MESSAGE][WARNING] - Timeout '0' is invalid. Using default page load timeout: '30'

2021-01-08 18:21:31 - [MESSAGE][PASSED] - Object 'Object Repository/Page_Sign In with Auth0/img_Protected with_auth0-lock-header-logo' is present

2021-01-08 18:21:31 - [TEST_STEP][PASSED] - setText(findTestObject("Object Repository/Page_Sign In with Auth0/input_Log In_email"), email): Text 'e2e.test@onmyradar.com' is set on object 'Object Repository/Page_Sign In with Auth0/input_Log In_email'

2021-01-08 18:21:31 - [MESSAGE][PASSED] - Text 'e2e.test@onmyradar.com' is set on object 'Object Repository/Page_Sign In with Auth0/input_Log In_email'

2021-01-08 18:21:31 - [TEST_STEP][PASSED] - setEncryptedText(findTestObject("Object Repository/Page_Sign In with Auth0/input_Log In_password"), encryptedPassword): Text ****** has been set on object 'Object Repository/Page_Sign In with Auth0/input_Log In_password'

2021-01-08 18:21:32 - [MESSAGE][PASSED] - Text ****** has been set on object 'Object Repository/Page_Sign In with Auth0/input_Log In_password'

2021-01-08 18:21:32 - [TEST_STEP][PASSED] - sendKeys(findTestObject("Object Repository/Page_Sign In with Auth0/input_Log In_password"), Keys.chord(ENTER)): Keys 'ENTER + ' sent to object: 'Object Repository/Page_Sign In with Auth0/input_Log In_password'

2021-01-08 18:21:32 - [MESSAGE][PASSED] - Keys 'ENTER + ' sent to object: 'Object Repository/Page_Sign In with Auth0/input_Log In_password'

2021-01-08 18:21:32 - [TEST_STEP][PASSED] - waitForElementPresent(findTestObject("Object Repository/Page_On My Radar/div_To start your experience"), 0): Object 'Object Repository/Page_On My Radar/div_To start your experience' is present

2021-01-08 18:21:32 - [MESSAGE][WARNING] - Timeout '0' is invalid. Using default page load timeout: '30'

2021-01-08 18:21:37 - [MESSAGE][PASSED] - Object 'Object Repository/Page_On My Radar/div_To start your experience' is present]]></system-out>
         <system-err><![CDATA[]]></system-err>
      </testcase>
      <system-out><![CDATA[2021-01-08 18:21:19 - [TEST_SUITE][PASSED] - Login: Test Cases/OMR-login/Login]]></system-out>
      <system-err><![CDATA[]]></system-err>
   </testsuite>
</testsuites>
