<?xml version="1.0" encoding="UTF-8"?>
<testsuites name="Signup" time="15.298" tests="1" failures="0" errors="0">
   <testsuite name="Signup" tests="1" failures="0" errors="0" time="15.298" timestamp="2020-11-19 18:27:46" hostname="User - host.docker.internal" id="Test Suites/Login page/Signup">
      <properties>
         <property name="deviceName" value=""/>
         <property name="devicePlatform" value=""/>
         <property name="logFolder" value="C:\\Users\\User\\git\\automated-e2e\\Reports\\20201119_182740\\Login page\\Signup\\20201119_182741"/>
         <property name="logFiles" value="C:\\Users\\User\\git\\automated-e2e\\Reports\\20201119_182740\\Login page\\Signup\\20201119_182741\\execution0.log"/>
         <property name="attachments" value=""/>
         <property name="hostName" value="User - host.docker.internal"/>
         <property name="os" value="Windows 10 64bit"/>
         <property name="katalonVersion" value="7.7.2.205"/>
         <property name="browser" value="Chrome 86.0.4240.198"/>
         <property name="hostAddress" value="192.168.1.108"/>
         <property name="sessionId" value="05b11a9b08bc5eb871a9f631a7575e6d"/>
         <property name="seleniumVersion" value="3.141.59"/>
         <property name="proxyInformation" value="ProxyInformation { proxyOption=NO_PROXY, proxyServerType=HTTP, username=, password=********, proxyServerAddress=, proxyServerPort=0, executionList=&quot;&quot;, isApplyToDesiredCapabilities=true }"/>
         <property name="platform" value="Windows 10"/>
      </properties>
      <testcase name="Test Cases/OMR-login/signup" time="15.018" classname="Test Cases/OMR-login/signup" status="PASSED">
         <system-out><![CDATA[2020-11-19 18:27:47 - [TEST_CASE][PASSED] - Test Cases/OMR-login/signup: Test Cases/OMR-login/signup

2020-11-19 18:27:47 - [TEST_STEP][PASSED] - openBrowser(""): Browser is opened with url: ''

2020-11-19 18:27:47 - [MESSAGE][INFO] - Starting 'Chrome' driver

2020-11-19 18:27:47 - [MESSAGE][INFO] - Action delay is set to 0 milliseconds

2020-11-19 18:27:51 - [MESSAGE][PASSED] - Browser is opened with url: ''

2020-11-19 18:27:51 - [TEST_STEP][PASSED] - navigateToUrl(url): Navigate to 'https://web-portal-app-development.herokuapp.com/login' successfully

2020-11-19 18:27:56 - [MESSAGE][PASSED] - Navigate to 'https://web-portal-app-development.herokuapp.com/login' successfully

2020-11-19 18:27:56 - [TEST_STEP][PASSED] - click(findTestObject("Object Repository/Login page/Page_On My Radar/input_Email_email")): Object: 'Object Repository/Login page/Page_On My Radar/input_Email_email' is clicked on

2020-11-19 18:27:57 - [MESSAGE][PASSED] - Object: 'Object Repository/Login page/Page_On My Radar/input_Email_email' is clicked on

2020-11-19 18:27:57 - [TEST_STEP][PASSED] - click(findTestObject("Object Repository/Login page/Page_On My Radar/span_Signup")): Object: 'Object Repository/Login page/Page_On My Radar/span_Signup' is clicked on

2020-11-19 18:27:58 - [MESSAGE][PASSED] - Object: 'Object Repository/Login page/Page_On My Radar/span_Signup' is clicked on

2020-11-19 18:27:58 - [TEST_STEP][PASSED] - setText(findTestObject("Object Repository/Login page/Page_On My Radar/input_Email_email"), email + "+" + RandomStringUtils.randomAscii(4) + "@gmail.com"): Text 'tykiblood+&M36@gmail.com' is set on object 'Object Repository/Login page/Page_On My Radar/input_Email_email'

2020-11-19 18:27:59 - [MESSAGE][PASSED] - Text 'tykiblood+&M36@gmail.com' is set on object 'Object Repository/Login page/Page_On My Radar/input_Email_email'

2020-11-19 18:27:59 - [TEST_STEP][PASSED] - setText(findTestObject("Object Repository/Login page/Page_On My Radar/input_Name_displayName"), "test"): Text 'test' is set on object 'Object Repository/Login page/Page_On My Radar/input_Name_displayName'

2020-11-19 18:27:59 - [MESSAGE][PASSED] - Text 'test' is set on object 'Object Repository/Login page/Page_On My Radar/input_Name_displayName'

2020-11-19 18:27:59 - [TEST_STEP][PASSED] - click(findTestObject("Object Repository/Login page/Page_On My Radar/div_Password_css-1e2ir0d")): Object: 'Object Repository/Login page/Page_On My Radar/div_Password_css-1e2ir0d' is clicked on

2020-11-19 18:27:59 - [MESSAGE][PASSED] - Object: 'Object Repository/Login page/Page_On My Radar/div_Password_css-1e2ir0d' is clicked on

2020-11-19 18:27:59 - [TEST_STEP][PASSED] - setEncryptedText(findTestObject("Object Repository/Login page/Page_On My Radar/input_Password_password"), "o+tS4OuGt32s9ezZj287yw=="): Text ****** has been set on object 'Object Repository/Login page/Page_On My Radar/input_Password_password'

2020-11-19 18:28:00 - [MESSAGE][PASSED] - Text ****** has been set on object 'Object Repository/Login page/Page_On My Radar/input_Password_password'

2020-11-19 18:28:00 - [TEST_STEP][PASSED] - click(findTestObject("Object Repository/Page_On My Radar/span_Signup_1")): Object: 'Object Repository/Page_On My Radar/span_Signup_1' is clicked on

2020-11-19 18:28:00 - [MESSAGE][PASSED] - Object: 'Object Repository/Page_On My Radar/span_Signup_1' is clicked on

2020-11-19 18:28:00 - [TEST_STEP][PASSED] - waitForElementPresent(findTestObject("Object Repository/Login page/Page_On My Radar/button_Logout"), 0): Object 'Object Repository/Login page/Page_On My Radar/button_Logout' is present

2020-11-19 18:28:00 - [MESSAGE][WARNING] - Timeout '0' is invalid. Using default page load timeout: '30'

2020-11-19 18:28:01 - [MESSAGE][PASSED] - Object 'Object Repository/Login page/Page_On My Radar/button_Logout' is present

2020-11-19 18:28:01 - [TEST_STEP][PASSED] - closeBrowser(): Browser is closed

2020-11-19 18:28:02 - [MESSAGE][PASSED] - Browser is closed]]></system-out>
         <system-err><![CDATA[]]></system-err>
      </testcase>
      <system-out><![CDATA[2020-11-19 18:27:46 - [TEST_SUITE][PASSED] - Signup: Test Cases/OMR-login/signup]]></system-out>
      <system-err><![CDATA[]]></system-err>
   </testsuite>
</testsuites>
