<?xml version="1.0" encoding="UTF-8"?>
<testsuites name="OMR-tests" time="24.785" tests="1" failures="0" errors="0">
   <testsuite name="Signup" tests="1" failures="0" errors="0" time="17.62" timestamp="2020-11-18 18:26:23" hostname="User - host.docker.internal" id="Test Suites/Login page/Signup">
      <properties>
         <property name="deviceName" value=""/>
         <property name="devicePlatform" value=""/>
         <property name="logFolder" value="C:\\Users\\User\\git\\automated-e2e\\Reports\\20201118_182616\\Login page\\Signup\\20201118_182617"/>
         <property name="logFiles" value="C:\\Users\\User\\git\\automated-e2e\\Reports\\20201118_182616\\Login page\\Signup\\20201118_182617\\execution0.log"/>
         <property name="attachments" value=""/>
         <property name="hostName" value="User - host.docker.internal"/>
         <property name="os" value="Windows 10 64bit"/>
         <property name="katalonVersion" value="7.7.2.205"/>
         <property name="browser" value="Chrome 86.0.4240.198"/>
         <property name="hostAddress" value="192.168.1.108"/>
         <property name="sessionId" value="8fcc32c0d479155aae4b62884f18270a"/>
         <property name="seleniumVersion" value="3.141.59"/>
         <property name="proxyInformation" value="ProxyInformation { proxyOption=NO_PROXY, proxyServerType=HTTP, username=, password=********, proxyServerAddress=, proxyServerPort=0, executionList=&quot;&quot;, isApplyToDesiredCapabilities=true }"/>
         <property name="platform" value="Windows 10"/>
      </properties>
      <testcase name="Test Cases/OMR-login/signup" time="17.372" classname="Test Cases/OMR-login/signup" status="PASSED">
         <system-out><![CDATA[2020-11-18 18:26:23 - [TEST_CASE][PASSED] - Test Cases/OMR-login/signup: Test Cases/OMR-login/signup

2020-11-18 18:26:23 - [TEST_STEP][PASSED] - openBrowser(""): Browser is opened with url: ''

2020-11-18 18:26:24 - [MESSAGE][INFO] - Starting 'Chrome' driver

2020-11-18 18:26:24 - [MESSAGE][INFO] - Action delay is set to 0 milliseconds

2020-11-18 18:26:27 - [MESSAGE][PASSED] - Browser is opened with url: ''

2020-11-18 18:26:27 - [TEST_STEP][PASSED] - navigateToUrl("https://web-portal-app-development.herokuapp.com/login"): Navigate to 'https://web-portal-app-development.herokuapp.com/login' successfully

2020-11-18 18:26:35 - [MESSAGE][PASSED] - Navigate to 'https://web-portal-app-development.herokuapp.com/login' successfully

2020-11-18 18:26:35 - [TEST_STEP][PASSED] - click(findTestObject("Object Repository/Login page/Page_On My Radar/input_Email_email")): Object: 'Object Repository/Login page/Page_On My Radar/input_Email_email' is clicked on

2020-11-18 18:26:37 - [MESSAGE][PASSED] - Object: 'Object Repository/Login page/Page_On My Radar/input_Email_email' is clicked on

2020-11-18 18:26:37 - [TEST_STEP][PASSED] - click(findTestObject("Object Repository/Login page/Page_On My Radar/span_Signup")): Object: 'Object Repository/Login page/Page_On My Radar/span_Signup' is clicked on

2020-11-18 18:26:37 - [MESSAGE][PASSED] - Object: 'Object Repository/Login page/Page_On My Radar/span_Signup' is clicked on

2020-11-18 18:26:37 - [TEST_STEP][PASSED] - setText(findTestObject("Object Repository/Login page/Page_On My Radar/input_Email_email"), email): Text 'tykiblood1992+e2e2@gmail.com' is set on object 'Object Repository/Login page/Page_On My Radar/input_Email_email'

2020-11-18 18:26:38 - [MESSAGE][PASSED] - Text 'tykiblood1992+e2e2@gmail.com' is set on object 'Object Repository/Login page/Page_On My Radar/input_Email_email'

2020-11-18 18:26:38 - [TEST_STEP][PASSED] - setText(findTestObject("Object Repository/Login page/Page_On My Radar/input_Name_displayName"), "test"): Text 'test' is set on object 'Object Repository/Login page/Page_On My Radar/input_Name_displayName'

2020-11-18 18:26:39 - [MESSAGE][PASSED] - Text 'test' is set on object 'Object Repository/Login page/Page_On My Radar/input_Name_displayName'

2020-11-18 18:26:39 - [TEST_STEP][PASSED] - click(findTestObject("Object Repository/Login page/Page_On My Radar/div_Password_css-1e2ir0d")): Object: 'Object Repository/Login page/Page_On My Radar/div_Password_css-1e2ir0d' is clicked on

2020-11-18 18:26:39 - [MESSAGE][PASSED] - Object: 'Object Repository/Login page/Page_On My Radar/div_Password_css-1e2ir0d' is clicked on

2020-11-18 18:26:39 - [TEST_STEP][PASSED] - setEncryptedText(findTestObject("Object Repository/Login page/Page_On My Radar/input_Password_password"), "o+tS4OuGt32s9ezZj287yw=="): Text ****** has been set on object 'Object Repository/Login page/Page_On My Radar/input_Password_password'

2020-11-18 18:26:39 - [MESSAGE][PASSED] - Text ****** has been set on object 'Object Repository/Login page/Page_On My Radar/input_Password_password'

2020-11-18 18:26:39 - [TEST_STEP][PASSED] - click(findTestObject("Object Repository/Page_On My Radar/span_Signup_1")): Object: 'Object Repository/Page_On My Radar/span_Signup_1' is clicked on

2020-11-18 18:26:40 - [MESSAGE][PASSED] - Object: 'Object Repository/Page_On My Radar/span_Signup_1' is clicked on

2020-11-18 18:26:40 - [TEST_STEP][PASSED] - waitForElementPresent(findTestObject("Object Repository/Login page/Page_On My Radar/button_Logout"), 0): Object 'Object Repository/Login page/Page_On My Radar/button_Logout' is present

2020-11-18 18:26:40 - [MESSAGE][WARNING] - Timeout '0' is invalid. Using default page load timeout: '30'

2020-11-18 18:26:40 - [MESSAGE][PASSED] - Object 'Object Repository/Login page/Page_On My Radar/button_Logout' is present

2020-11-18 18:26:40 - [TEST_STEP][PASSED] - closeBrowser(): Browser is closed

2020-11-18 18:26:41 - [MESSAGE][PASSED] - Browser is closed]]></system-out>
         <system-err><![CDATA[]]></system-err>
      </testcase>
      <system-out><![CDATA[2020-11-18 18:26:23 - [TEST_SUITE][PASSED] - Signup: Test Cases/OMR-login/signup]]></system-out>
      <system-err><![CDATA[]]></system-err>
   </testsuite>
</testsuites>
